c:\users\monster\desktop\textures\textures\x64\debug\vc141.pdb
c:\users\monster\desktop\textures\textures\x64\debug\vc141.idb
c:\users\monster\desktop\textures\textures\x64\debug\texture.obj
c:\users\monster\desktop\textures\textures\x64\debug\pngloader.obj
c:\users\monster\desktop\textures\textures\x64\debug\modelloader.obj
c:\users\monster\desktop\textures\textures\x64\debug\mesh.obj
c:\users\monster\desktop\textures\textures\x64\debug\main.obj
c:\users\monster\desktop\textures\textures\x64\debug\event.obj
c:\users\monster\desktop\textures\textures\x64\debug\pngcubeloader.obj
c:\users\monster\desktop\textures\textures\x64\debug\image_helper.obj
c:\users\monster\desktop\textures\textures\x64\debug\etc1_utils.obj
c:\users\monster\desktop\textures\textures\x64\debug\texturecube.obj
c:\users\monster\desktop\textures\x64\debug\textures.exe
c:\users\monster\desktop\textures\x64\debug\textures.ilk
c:\users\monster\desktop\textures\x64\debug\textures.pdb
c:\users\monster\desktop\textures\textures\x64\debug\textures.res
c:\users\monster\desktop\textures\textures\x64\debug\textures.tlog\cl.command.1.tlog
c:\users\monster\desktop\textures\textures\x64\debug\textures.tlog\cl.read.1.tlog
c:\users\monster\desktop\textures\textures\x64\debug\textures.tlog\cl.write.1.tlog
c:\users\monster\desktop\textures\textures\x64\debug\textures.tlog\link.command.1.tlog
c:\users\monster\desktop\textures\textures\x64\debug\textures.tlog\link.read.1.tlog
c:\users\monster\desktop\textures\textures\x64\debug\textures.tlog\link.write.1.tlog
c:\users\monster\desktop\textures\textures\x64\debug\textures.tlog\rc.command.1.tlog
c:\users\monster\desktop\textures\textures\x64\debug\textures.tlog\rc.read.1.tlog
c:\users\monster\desktop\textures\textures\x64\debug\textures.tlog\rc.write.1.tlog
